<?xml version="1.0" encoding="UTF-8"?>
<!-- Generated by org.testng.reporters.JUnitXMLReporter -->
<testsuite ignored="0" hostname="LAPTOP-1HMPR52I" failures="1" tests="3" name="RegressionTests" time="11.866" errors="0" timestamp="2026-02-16T16:47:56 IST">
  <testcase classname="testCases.TC001_LoginTest" name="verifyLogin" time="0.568"/>
  <testcase classname="testCases.TC002_AddToCartTest" name="verifyAddToCart" time="0.723"/>
  <testcase classname="testCases.TC00_ProductAddToCart" name="ProductAddToCart" time="0.601">
    <failure type="java.lang.AssertionError" message="Cart count mismatch! expected [5] but found [2]">
      <![CDATA[java.lang.AssertionError: Cart count mismatch! expected [5] but found [2]
at testCases.TC00_ProductAddToCart.ProductAddToCart(TC00_ProductAddToCart.java:29)
at java.base/java.util.ArrayList.forEach(ArrayList.java:1596)
... Removed 30 stack frames]]>
    </failure>
  </testcase> <!-- ProductAddToCart -->
</testsuite> <!-- RegressionTests -->
