<?xml version="1.0" encoding="UTF-8"?>
<!-- Generated by org.testng.reporters.JUnitXMLReporter -->
<testsuite ignored="0" hostname="LAPTOP-1HMPR52I" failures="0" tests="3" name="RegressionTests" time="9.674" errors="0" timestamp="2026-02-16T17:30:34 IST">
  <testcase classname="testCases.TC001_LoginTest" name="verifyLogin" time="0.416"/>
  <testcase classname="testCases.TC002_AddToCartTest" name="verifyAddToCart" time="0.542"/>
  <testcase classname="testCases.TC00_ProductAddToCart" name="ProductAddToCart" time="0.751"/>
</testsuite> <!-- RegressionTests -->
