<?xml version="1.0" encoding="UTF-8"?>
<!-- Generated by org.testng.reporters.JUnitXMLReporter -->
<testsuite ignored="0" hostname="LAPTOP-1HMPR52I" failures="1" tests="1" name="Smoke Tests" time="0.178" errors="0" timestamp="2026-02-16T17:09:44 IST">
  <testcase classname="testCases.TC00_ProductAddToCart" name="ProductAddToCart" time="0.076">
    <failure type="java.lang.NullPointerException" message="Cannot invoke &amp;quot;java.util.Properties.getProperty(String)&amp;quot; because &amp;quot;this.p&amp;quot; is null">
      <![CDATA[java.lang.NullPointerException: Cannot invoke "java.util.Properties.getProperty(String)" because "this.p" is null
at testCases.TC00_ProductAddToCart.ProductAddToCart(TC00_ProductAddToCart.java:16)
at java.base/java.util.ArrayList.forEach(ArrayList.java:1596)
... Removed 25 stack frames]]>
    </failure>
  </testcase> <!-- ProductAddToCart -->
</testsuite> <!-- Smoke Tests -->
