<?xml version="1.0" encoding="UTF-8"?>
<testng-results ignored="0" total="3" passed="3" failed="0" skipped="0">
  <reporter-output>
  </reporter-output>
  <suite started-at="2026-02-16T18:12:10 IST" name="Shopping Suite" finished-at="2026-02-16T18:12:23 IST" duration-ms="12475">
    <groups>
      <group name="regression">
        <method signature="TC002_AddToCartTest.verifyAddToCart()[pri:0, instance:testCases.TC002_AddToCartTest@6326d182]" name="verifyAddToCart" class="testCases.TC002_AddToCartTest"/>
        <method signature="TC00_ProductAddToCart.ProductAddToCart()[pri:0, instance:testCases.TC00_ProductAddToCart@5241cf67]" name="ProductAddToCart" class="testCases.TC00_ProductAddToCart"/>
      </group> <!-- regression -->
      <group name="smoke">
        <method signature="TC001_LoginTest.verifyLogin()[pri:0, instance:testCases.TC001_LoginTest@52b56a3e]" name="verifyLogin" class="testCases.TC001_LoginTest"/>
        <method signature="TC00_ProductAddToCart.ProductAddToCart()[pri:0, instance:testCases.TC00_ProductAddToCart@5241cf67]" name="ProductAddToCart" class="testCases.TC00_ProductAddToCart"/>
      </group> <!-- smoke -->
    </groups>
    <test started-at="2026-02-16T18:12:10 IST" name="All Tests" finished-at="2026-02-16T18:12:23 IST" duration-ms="12475">
      <class name="testCases.TC001_LoginTest">
        <test-method is-config="true" signature="setup(java.lang.String)[pri:0, instance:testCases.TC001_LoginTest@52b56a3e]" started-at="2026-02-16T18:12:10 IST" name="setup" finished-at="2026-02-16T18:12:16 IST" duration-ms="5580" status="PASS">
          <params>
            <param index="0">
              <value>
                <![CDATA[chrome]]>
              </value>
            </param>
          </params>
          <reporter-output>
          </reporter-output>
        </test-method> <!-- setup -->
        <test-method signature="verifyLogin()[pri:0, instance:testCases.TC001_LoginTest@52b56a3e]" started-at="2026-02-16T18:12:16 IST" name="verifyLogin" finished-at="2026-02-16T18:12:17 IST" duration-ms="936" status="PASS">
          <reporter-output>
          </reporter-output>
        </test-method> <!-- verifyLogin -->
        <test-method is-config="true" signature="closeup()[pri:0, instance:testCases.TC001_LoginTest@52b56a3e]" started-at="2026-02-16T18:12:17 IST" name="closeup" finished-at="2026-02-16T18:12:17 IST" duration-ms="332" status="PASS">
          <reporter-output>
          </reporter-output>
        </test-method> <!-- closeup -->
      </class> <!-- testCases.TC001_LoginTest -->
      <class name="testCases.TC002_AddToCartTest">
        <test-method is-config="true" signature="setup(java.lang.String)[pri:0, instance:testCases.TC002_AddToCartTest@6326d182]" started-at="2026-02-16T18:12:10 IST" name="setup" finished-at="2026-02-16T18:12:16 IST" duration-ms="5580" status="PASS">
          <params>
            <param index="0">
              <value>
                <![CDATA[chrome]]>
              </value>
            </param>
          </params>
          <reporter-output>
          </reporter-output>
        </test-method> <!-- setup -->
        <test-method signature="verifyAddToCart()[pri:0, instance:testCases.TC002_AddToCartTest@6326d182]" started-at="2026-02-16T18:12:16 IST" name="verifyAddToCart" finished-at="2026-02-16T18:12:17 IST" duration-ms="1256" status="PASS">
          <reporter-output>
          </reporter-output>
        </test-method> <!-- verifyAddToCart -->
        <test-method is-config="true" signature="closeup()[pri:0, instance:testCases.TC002_AddToCartTest@6326d182]" started-at="2026-02-16T18:12:17 IST" name="closeup" finished-at="2026-02-16T18:12:17 IST" duration-ms="244" status="PASS">
          <reporter-output>
          </reporter-output>
        </test-method> <!-- closeup -->
      </class> <!-- testCases.TC002_AddToCartTest -->
      <class name="testCases.TC00_ProductAddToCart">
        <test-method is-config="true" signature="setup(java.lang.String)[pri:0, instance:testCases.TC00_ProductAddToCart@5241cf67]" started-at="2026-02-16T18:12:10 IST" name="setup" finished-at="2026-02-16T18:12:16 IST" duration-ms="5580" status="PASS">
          <params>
            <param index="0">
              <value>
                <![CDATA[chrome]]>
              </value>
            </param>
          </params>
          <reporter-output>
          </reporter-output>
        </test-method> <!-- setup -->
        <test-method signature="ProductAddToCart()[pri:0, instance:testCases.TC00_ProductAddToCart@5241cf67]" started-at="2026-02-16T18:12:16 IST" name="ProductAddToCart" finished-at="2026-02-16T18:12:22 IST" duration-ms="6588" status="PASS">
          <reporter-output>
          </reporter-output>
        </test-method> <!-- ProductAddToCart -->
        <test-method is-config="true" signature="closeup()[pri:0, instance:testCases.TC00_ProductAddToCart@5241cf67]" started-at="2026-02-16T18:12:22 IST" name="closeup" finished-at="2026-02-16T18:12:23 IST" duration-ms="269" status="PASS">
          <reporter-output>
          </reporter-output>
        </test-method> <!-- closeup -->
      </class> <!-- testCases.TC00_ProductAddToCart -->
    </test> <!-- All Tests -->
  </suite> <!-- Shopping Suite -->
</testng-results>
