<?xml version="1.0" encoding="UTF-8"?>
<testng-results ignored="0" total="2" passed="2" failed="0" skipped="0">
  <reporter-output>
  </reporter-output>
  <suite started-at="2026-01-29T17:51:31 IST" name="SauceDemoSuite" finished-at="2026-01-29T17:51:48 IST" duration-ms="16857">
    <groups>
    </groups>
    <test started-at="2026-01-29T17:51:31 IST" name="RegressionTests" finished-at="2026-01-29T17:51:48 IST" duration-ms="16857">
      <class name="testCases.TC001_LoginTest">
        <test-method is-config="true" signature="setup()[pri:0, instance:testCases.TC001_LoginTest@1e636ea3]" started-at="2026-01-29T17:51:31 IST" name="setup" finished-at="2026-01-29T17:51:38 IST" duration-ms="6733" status="PASS">
          <reporter-output>
          </reporter-output>
        </test-method> <!-- setup -->
        <test-method signature="verifyLogin()[pri:0, instance:testCases.TC001_LoginTest@1e636ea3]" started-at="2026-01-29T17:51:38 IST" name="verifyLogin" finished-at="2026-01-29T17:51:38 IST" duration-ms="568" status="PASS">
          <reporter-output>
          </reporter-output>
        </test-method> <!-- verifyLogin -->
        <test-method is-config="true" signature="tearDown()[pri:0, instance:testCases.TC001_LoginTest@1e636ea3]" started-at="2026-01-29T17:51:38 IST" name="tearDown" finished-at="2026-01-29T17:51:39 IST" duration-ms="378" status="PASS">
          <reporter-output>
          </reporter-output>
        </test-method> <!-- tearDown -->
      </class> <!-- testCases.TC001_LoginTest -->
      <class name="testCases.TC00_ProductAddToCart">
        <test-method is-config="true" signature="setup()[pri:0, instance:testCases.TC00_ProductAddToCart@75f95314]" started-at="2026-01-29T17:51:39 IST" name="setup" finished-at="2026-01-29T17:51:46 IST" duration-ms="7717" status="PASS">
          <reporter-output>
          </reporter-output>
        </test-method> <!-- setup -->
        <test-method signature="ProductAddToCart()[pri:0, instance:testCases.TC00_ProductAddToCart@75f95314]" started-at="2026-01-29T17:51:46 IST" name="ProductAddToCart" finished-at="2026-01-29T17:51:47 IST" duration-ms="1015" status="PASS">
          <reporter-output>
          </reporter-output>
        </test-method> <!-- ProductAddToCart -->
        <test-method is-config="true" signature="tearDown()[pri:0, instance:testCases.TC00_ProductAddToCart@75f95314]" started-at="2026-01-29T17:51:47 IST" name="tearDown" finished-at="2026-01-29T17:51:48 IST" duration-ms="343" status="PASS">
          <reporter-output>
          </reporter-output>
        </test-method> <!-- tearDown -->
      </class> <!-- testCases.TC00_ProductAddToCart -->
    </test> <!-- RegressionTests -->
  </suite> <!-- SauceDemoSuite -->
</testng-results>
