<?xml version="1.0" encoding="UTF-8"?>
<testng-results ignored="0" total="3" passed="3" failed="0" skipped="0">
  <reporter-output>
  </reporter-output>
  <suite started-at="2026-02-16T18:04:08 IST" name="Shopping Suite" finished-at="2026-02-16T18:04:18 IST" duration-ms="9553">
    <groups>
      <group name="regression">
        <method signature="TC002_AddToCartTest.verifyAddToCart()[pri:0, instance:testCases.TC002_AddToCartTest@4fad94a7]" name="verifyAddToCart" class="testCases.TC002_AddToCartTest"/>
        <method signature="TC00_ProductAddToCart.ProductAddToCart()[pri:0, instance:testCases.TC00_ProductAddToCart@475835b1]" name="ProductAddToCart" class="testCases.TC00_ProductAddToCart"/>
      </group> <!-- regression -->
      <group name="smoke">
        <method signature="TC001_LoginTest.verifyLogin()[pri:0, instance:testCases.TC001_LoginTest@3c0fae6c]" name="verifyLogin" class="testCases.TC001_LoginTest"/>
        <method signature="TC00_ProductAddToCart.ProductAddToCart()[pri:0, instance:testCases.TC00_ProductAddToCart@475835b1]" name="ProductAddToCart" class="testCases.TC00_ProductAddToCart"/>
      </group> <!-- smoke -->
    </groups>
    <test started-at="2026-02-16T18:04:08 IST" name="All Tests" finished-at="2026-02-16T18:04:18 IST" duration-ms="9553">
      <class name="testCases.TC001_LoginTest">
        <test-method is-config="true" signature="setup(java.lang.String)[pri:0, instance:testCases.TC001_LoginTest@3c0fae6c]" started-at="2026-02-16T18:04:08 IST" name="setup" finished-at="2026-02-16T18:04:12 IST" duration-ms="3328" status="PASS">
          <params>
            <param index="0">
              <value>
                <![CDATA[chrome]]>
              </value>
            </param>
          </params>
          <reporter-output>
          </reporter-output>
        </test-method> <!-- setup -->
        <test-method signature="verifyLogin()[pri:0, instance:testCases.TC001_LoginTest@3c0fae6c]" started-at="2026-02-16T18:04:12 IST" name="verifyLogin" finished-at="2026-02-16T18:04:12 IST" duration-ms="580" status="PASS">
          <reporter-output>
          </reporter-output>
        </test-method> <!-- verifyLogin -->
        <test-method is-config="true" signature="closeup()[pri:0, instance:testCases.TC001_LoginTest@3c0fae6c]" started-at="2026-02-16T18:04:12 IST" name="closeup" finished-at="2026-02-16T18:04:13 IST" duration-ms="554" status="PASS">
          <reporter-output>
          </reporter-output>
        </test-method> <!-- closeup -->
      </class> <!-- testCases.TC001_LoginTest -->
      <class name="testCases.TC002_AddToCartTest">
        <test-method is-config="true" signature="setup(java.lang.String)[pri:0, instance:testCases.TC002_AddToCartTest@4fad94a7]" started-at="2026-02-16T18:04:08 IST" name="setup" finished-at="2026-02-16T18:04:12 IST" duration-ms="3307" status="PASS">
          <params>
            <param index="0">
              <value>
                <![CDATA[chrome]]>
              </value>
            </param>
          </params>
          <reporter-output>
          </reporter-output>
        </test-method> <!-- setup -->
        <test-method signature="verifyAddToCart()[pri:0, instance:testCases.TC002_AddToCartTest@4fad94a7]" started-at="2026-02-16T18:04:12 IST" name="verifyAddToCart" finished-at="2026-02-16T18:04:13 IST" duration-ms="984" status="PASS">
          <reporter-output>
          </reporter-output>
        </test-method> <!-- verifyAddToCart -->
        <test-method is-config="true" signature="closeup()[pri:0, instance:testCases.TC002_AddToCartTest@4fad94a7]" started-at="2026-02-16T18:04:13 IST" name="closeup" finished-at="2026-02-16T18:04:13 IST" duration-ms="217" status="PASS">
          <reporter-output>
          </reporter-output>
        </test-method> <!-- closeup -->
      </class> <!-- testCases.TC002_AddToCartTest -->
      <class name="testCases.TC00_ProductAddToCart">
        <test-method is-config="true" signature="setup(java.lang.String)[pri:0, instance:testCases.TC00_ProductAddToCart@475835b1]" started-at="2026-02-16T18:04:08 IST" name="setup" finished-at="2026-02-16T18:04:12 IST" duration-ms="3276" status="PASS">
          <params>
            <param index="0">
              <value>
                <![CDATA[chrome]]>
              </value>
            </param>
          </params>
          <reporter-output>
          </reporter-output>
        </test-method> <!-- setup -->
        <test-method signature="ProductAddToCart()[pri:0, instance:testCases.TC00_ProductAddToCart@475835b1]" started-at="2026-02-16T18:04:12 IST" name="ProductAddToCart" finished-at="2026-02-16T18:04:18 IST" duration-ms="6016" status="PASS">
          <reporter-output>
          </reporter-output>
        </test-method> <!-- ProductAddToCart -->
        <test-method is-config="true" signature="closeup()[pri:0, instance:testCases.TC00_ProductAddToCart@475835b1]" started-at="2026-02-16T18:04:18 IST" name="closeup" finished-at="2026-02-16T18:04:18 IST" duration-ms="213" status="PASS">
          <reporter-output>
          </reporter-output>
        </test-method> <!-- closeup -->
      </class> <!-- testCases.TC00_ProductAddToCart -->
    </test> <!-- All Tests -->
  </suite> <!-- Shopping Suite -->
</testng-results>
