<?xml version="1.0" encoding="UTF-8"?>
<!-- Generated by org.testng.reporters.JUnitXMLReporter -->
<testsuite ignored="0" hostname="LAPTOP-1HMPR52I" failures="0" tests="3" name="All Tests" time="12.475" errors="0" timestamp="2026-02-16T18:12:23 IST">
  <testcase classname="testCases.TC001_LoginTest" name="verifyLogin" time="0.936"/>
  <testcase classname="testCases.TC002_AddToCartTest" name="verifyAddToCart" time="1.256"/>
  <testcase classname="testCases.TC00_ProductAddToCart" name="ProductAddToCart" time="6.588"/>
</testsuite> <!-- All Tests -->
