<?xml version="1.0" encoding="UTF-8"?>
<testng-results ignored="0" total="1" passed="0" failed="1" skipped="0">
  <reporter-output>
  </reporter-output>
  <suite started-at="2026-02-16T17:09:44 IST" name="Shopping Suite" finished-at="2026-02-16T17:09:44 IST" duration-ms="178">
    <groups>
      <group name="regression">
        <method signature="TC00_ProductAddToCart.ProductAddToCart()[pri:0, instance:testCases.TC00_ProductAddToCart@acdb094]" name="ProductAddToCart" class="testCases.TC00_ProductAddToCart"/>
      </group> <!-- regression -->
      <group name="smoke">
        <method signature="TC00_ProductAddToCart.ProductAddToCart()[pri:0, instance:testCases.TC00_ProductAddToCart@acdb094]" name="ProductAddToCart" class="testCases.TC00_ProductAddToCart"/>
      </group> <!-- smoke -->
    </groups>
    <test started-at="2026-02-16T17:09:44 IST" name="Smoke Tests" finished-at="2026-02-16T17:09:44 IST" duration-ms="178">
      <class name="testCases.TC00_ProductAddToCart">
        <test-method signature="ProductAddToCart()[pri:0, instance:testCases.TC00_ProductAddToCart@acdb094]" started-at="2026-02-16T17:09:44 IST" name="ProductAddToCart" finished-at="2026-02-16T17:09:44 IST" duration-ms="76" status="FAIL">
          <exception class="java.lang.NullPointerException">
            <message>
              <![CDATA[Cannot invoke "java.util.Properties.getProperty(String)" because "this.p" is null]]>
            </message>
            <full-stacktrace>
              <![CDATA[java.lang.NullPointerException: Cannot invoke "java.util.Properties.getProperty(String)" because "this.p" is null
at testCases.TC00_ProductAddToCart.ProductAddToCart(TC00_ProductAddToCart.java:16)
at java.base/jdk.internal.reflect.DirectMethodHandleAccessor.invoke(DirectMethodHandleAccessor.java:103)
at java.base/java.lang.reflect.Method.invoke(Method.java:580)
at org.testng.internal.invokers.MethodInvocationHelper.invokeMethod(MethodInvocationHelper.java:139)
at org.testng.internal.invokers.TestInvoker.invokeMethod(TestInvoker.java:664)
at org.testng.internal.invokers.TestInvoker.invokeTestMethod(TestInvoker.java:228)
at org.testng.internal.invokers.MethodRunner.runInSequence(MethodRunner.java:63)
at org.testng.internal.invokers.TestInvoker$MethodInvocationAgent.invoke(TestInvoker.java:961)
at org.testng.internal.invokers.TestInvoker.invokeTestMethods(TestInvoker.java:201)
at org.testng.internal.invokers.TestMethodWorker.invokeTestMethods(TestMethodWorker.java:148)
at org.testng.internal.invokers.TestMethodWorker.run(TestMethodWorker.java:128)
at java.base/java.util.ArrayList.forEach(ArrayList.java:1596)
at org.testng.TestRunner.privateRun(TestRunner.java:819)
at org.testng.TestRunner.run(TestRunner.java:619)
at org.testng.SuiteRunner.runTest(SuiteRunner.java:443)
at org.testng.SuiteRunner.runSequentially(SuiteRunner.java:437)
at org.testng.SuiteRunner.privateRun(SuiteRunner.java:397)
at org.testng.SuiteRunner.run(SuiteRunner.java:336)
at org.testng.SuiteRunnerWorker.runSuite(SuiteRunnerWorker.java:52)
at org.testng.SuiteRunnerWorker.run(SuiteRunnerWorker.java:95)
at org.testng.TestNG.runSuitesSequentially(TestNG.java:1301)
at org.testng.TestNG.runSuitesLocally(TestNG.java:1228)
at org.testng.TestNG.runSuites(TestNG.java:1134)
at org.testng.TestNG.run(TestNG.java:1101)
at org.testng.remote.AbstractRemoteTestNG.run(AbstractRemoteTestNG.java:115)
at org.testng.remote.RemoteTestNG.initAndRun(RemoteTestNG.java:293)
at org.testng.remote.RemoteTestNG.main(RemoteTestNG.java:91)
]]>
            </full-stacktrace>
          </exception> <!-- java.lang.NullPointerException -->
          <reporter-output>
          </reporter-output>
        </test-method> <!-- ProductAddToCart -->
      </class> <!-- testCases.TC00_ProductAddToCart -->
    </test> <!-- Smoke Tests -->
  </suite> <!-- Shopping Suite -->
</testng-results>
