<?xml version="1.0" encoding="UTF-8"?>
<testng-results ignored="0" total="3" passed="2" failed="1" skipped="0">
  <reporter-output>
  </reporter-output>
  <suite started-at="2026-02-02T21:30:59 IST" name="SauceDemoSuite" finished-at="2026-02-02T21:31:08 IST" duration-ms="8652">
    <groups>
    </groups>
    <test started-at="2026-02-02T21:30:59 IST" name="RegressionTests" finished-at="2026-02-02T21:31:08 IST" duration-ms="8652">
      <class name="testCases.TC001_LoginTest">
        <test-method is-config="true" signature="setup(java.lang.String)[pri:0, instance:testCases.TC001_LoginTest@2f94c4db]" started-at="2026-02-02T21:31:00 IST" name="setup" finished-at="2026-02-02T21:31:02 IST" duration-ms="2776" status="PASS">
          <params>
            <param index="0">
              <value>
                <![CDATA[chrome]]>
              </value>
            </param>
          </params>
          <reporter-output>
          </reporter-output>
        </test-method> <!-- setup -->
        <test-method signature="verifyLogin()[pri:0, instance:testCases.TC001_LoginTest@2f94c4db]" started-at="2026-02-02T21:31:02 IST" name="verifyLogin" finished-at="2026-02-02T21:31:03 IST" duration-ms="487" status="PASS">
          <reporter-output>
          </reporter-output>
        </test-method> <!-- verifyLogin -->
      </class> <!-- testCases.TC001_LoginTest -->
      <class name="testCases.TC002_AddToCartTest">
        <test-method is-config="true" signature="setup(java.lang.String)[pri:0, instance:testCases.TC002_AddToCartTest@5d25e6bb]" started-at="2026-02-02T21:31:03 IST" name="setup" finished-at="2026-02-02T21:31:05 IST" duration-ms="1834" status="PASS">
          <params>
            <param index="0">
              <value>
                <![CDATA[chrome]]>
              </value>
            </param>
          </params>
          <reporter-output>
          </reporter-output>
        </test-method> <!-- setup -->
        <test-method signature="verifyAddToCart()[pri:0, instance:testCases.TC002_AddToCartTest@5d25e6bb]" started-at="2026-02-02T21:31:05 IST" name="verifyAddToCart" finished-at="2026-02-02T21:31:05 IST" duration-ms="678" status="PASS">
          <reporter-output>
          </reporter-output>
        </test-method> <!-- verifyAddToCart -->
      </class> <!-- testCases.TC002_AddToCartTest -->
      <class name="testCases.TC00_ProductAddToCart">
        <test-method is-config="true" signature="setup(java.lang.String)[pri:0, instance:testCases.TC00_ProductAddToCart@ce5a68e]" started-at="2026-02-02T21:31:05 IST" name="setup" finished-at="2026-02-02T21:31:07 IST" duration-ms="1934" status="PASS">
          <params>
            <param index="0">
              <value>
                <![CDATA[chrome]]>
              </value>
            </param>
          </params>
          <reporter-output>
          </reporter-output>
        </test-method> <!-- setup -->
        <test-method signature="ProductAddToCart()[pri:0, instance:testCases.TC00_ProductAddToCart@ce5a68e]" started-at="2026-02-02T21:31:07 IST" name="ProductAddToCart" finished-at="2026-02-02T21:31:08 IST" duration-ms="675" status="FAIL">
          <exception class="java.lang.AssertionError">
            <message>
              <![CDATA[Cart count mismatch! expected [5] but found [1]]]>
            </message>
            <full-stacktrace>
              <![CDATA[java.lang.AssertionError: Cart count mismatch! expected [5] but found [1]
at org.testng.Assert.fail(Assert.java:111)
at org.testng.Assert.failNotEquals(Assert.java:1578)
at org.testng.Assert.assertEqualsImpl(Assert.java:150)
at org.testng.Assert.assertEquals(Assert.java:132)
at org.testng.Assert.assertEquals(Assert.java:656)
at testCases.TC00_ProductAddToCart.ProductAddToCart(TC00_ProductAddToCart.java:29)
at java.base/jdk.internal.reflect.DirectMethodHandleAccessor.invoke(DirectMethodHandleAccessor.java:103)
at java.base/java.lang.reflect.Method.invoke(Method.java:580)
at org.testng.internal.invokers.MethodInvocationHelper.invokeMethod(MethodInvocationHelper.java:139)
at org.testng.internal.invokers.TestInvoker.invokeMethod(TestInvoker.java:664)
at org.testng.internal.invokers.TestInvoker.invokeTestMethod(TestInvoker.java:228)
at org.testng.internal.invokers.MethodRunner.runInSequence(MethodRunner.java:63)
at org.testng.internal.invokers.TestInvoker$MethodInvocationAgent.invoke(TestInvoker.java:961)
at org.testng.internal.invokers.TestInvoker.invokeTestMethods(TestInvoker.java:201)
at org.testng.internal.invokers.TestMethodWorker.invokeTestMethods(TestMethodWorker.java:148)
at org.testng.internal.invokers.TestMethodWorker.run(TestMethodWorker.java:128)
at java.base/java.util.ArrayList.forEach(ArrayList.java:1596)
at org.testng.TestRunner.privateRun(TestRunner.java:819)
at org.testng.TestRunner.run(TestRunner.java:619)
at org.testng.SuiteRunner.runTest(SuiteRunner.java:443)
at org.testng.SuiteRunner.runSequentially(SuiteRunner.java:437)
at org.testng.SuiteRunner.privateRun(SuiteRunner.java:397)
at org.testng.SuiteRunner.run(SuiteRunner.java:336)
at org.testng.SuiteRunnerWorker.runSuite(SuiteRunnerWorker.java:52)
at org.testng.SuiteRunnerWorker.run(SuiteRunnerWorker.java:95)
at org.testng.TestNG.runSuitesSequentially(TestNG.java:1301)
at org.testng.TestNG.runSuitesLocally(TestNG.java:1228)
at org.testng.TestNG.runSuites(TestNG.java:1134)
at org.testng.TestNG.run(TestNG.java:1101)
at org.testng.remote.AbstractRemoteTestNG.run(AbstractRemoteTestNG.java:115)
at org.testng.remote.RemoteTestNG.initAndRun(RemoteTestNG.java:293)
at org.testng.remote.RemoteTestNG.main(RemoteTestNG.java:91)
]]>
            </full-stacktrace>
          </exception> <!-- java.lang.AssertionError -->
          <reporter-output>
          </reporter-output>
        </test-method> <!-- ProductAddToCart -->
      </class> <!-- testCases.TC00_ProductAddToCart -->
    </test> <!-- RegressionTests -->
  </suite> <!-- SauceDemoSuite -->
</testng-results>
