<?xml version="1.0" encoding="UTF-8"?>
<testng-results ignored="0" total="3" passed="2" failed="1" skipped="0">
  <reporter-output>
  </reporter-output>
  <suite started-at="2026-02-16T17:58:53 IST" name="Shopping Suite" finished-at="2026-02-16T17:59:07 IST" duration-ms="13546">
    <groups>
      <group name="regression">
        <method signature="TC002_AddToCartTest.verifyAddToCart()[pri:0, instance:testCases.TC002_AddToCartTest@55f3c410]" name="verifyAddToCart" class="testCases.TC002_AddToCartTest"/>
        <method signature="TC00_ProductAddToCart.ProductAddToCart()[pri:0, instance:testCases.TC00_ProductAddToCart@11acdc30]" name="ProductAddToCart" class="testCases.TC00_ProductAddToCart"/>
      </group> <!-- regression -->
      <group name="smoke">
        <method signature="TC001_LoginTest.verifyLogin()[pri:0, instance:testCases.TC001_LoginTest@5cc69cfe]" name="verifyLogin" class="testCases.TC001_LoginTest"/>
        <method signature="TC00_ProductAddToCart.ProductAddToCart()[pri:0, instance:testCases.TC00_ProductAddToCart@11acdc30]" name="ProductAddToCart" class="testCases.TC00_ProductAddToCart"/>
      </group> <!-- smoke -->
    </groups>
    <test started-at="2026-02-16T17:58:53 IST" name="All Tests" finished-at="2026-02-16T17:59:07 IST" duration-ms="13546">
      <class name="testCases.TC001_LoginTest">
        <test-method is-config="true" signature="setup(java.lang.String)[pri:0, instance:testCases.TC001_LoginTest@5cc69cfe]" started-at="2026-02-16T17:58:53 IST" name="setup" finished-at="2026-02-16T17:58:59 IST" duration-ms="5718" status="PASS">
          <params>
            <param index="0">
              <value>
                <![CDATA[chrome]]>
              </value>
            </param>
          </params>
          <reporter-output>
          </reporter-output>
        </test-method> <!-- setup -->
        <test-method signature="verifyLogin()[pri:0, instance:testCases.TC001_LoginTest@5cc69cfe]" started-at="2026-02-16T17:58:59 IST" name="verifyLogin" finished-at="2026-02-16T17:58:59 IST" duration-ms="654" status="PASS">
          <reporter-output>
          </reporter-output>
        </test-method> <!-- verifyLogin -->
        <test-method is-config="true" signature="closeup()[pri:0, instance:testCases.TC001_LoginTest@5cc69cfe]" started-at="2026-02-16T17:58:59 IST" name="closeup" finished-at="2026-02-16T17:59:00 IST" duration-ms="584" status="PASS">
          <reporter-output>
          </reporter-output>
        </test-method> <!-- closeup -->
      </class> <!-- testCases.TC001_LoginTest -->
      <class name="testCases.TC002_AddToCartTest">
        <test-method is-config="true" signature="setup(java.lang.String)[pri:0, instance:testCases.TC002_AddToCartTest@55f3c410]" started-at="2026-02-16T17:58:53 IST" name="setup" finished-at="2026-02-16T17:58:58 IST" duration-ms="4624" status="PASS">
          <params>
            <param index="0">
              <value>
                <![CDATA[chrome]]>
              </value>
            </param>
          </params>
          <reporter-output>
          </reporter-output>
        </test-method> <!-- setup -->
        <test-method signature="verifyAddToCart()[pri:0, instance:testCases.TC002_AddToCartTest@55f3c410]" started-at="2026-02-16T17:58:58 IST" name="verifyAddToCart" finished-at="2026-02-16T17:59:00 IST" duration-ms="2740" status="PASS">
          <reporter-output>
          </reporter-output>
        </test-method> <!-- verifyAddToCart -->
        <test-method is-config="true" signature="closeup()[pri:0, instance:testCases.TC002_AddToCartTest@55f3c410]" started-at="2026-02-16T17:59:00 IST" name="closeup" finished-at="2026-02-16T17:59:01 IST" duration-ms="307" status="PASS">
          <reporter-output>
          </reporter-output>
        </test-method> <!-- closeup -->
      </class> <!-- testCases.TC002_AddToCartTest -->
      <class name="testCases.TC00_ProductAddToCart">
        <test-method is-config="true" signature="setup(java.lang.String)[pri:0, instance:testCases.TC00_ProductAddToCart@11acdc30]" started-at="2026-02-16T17:58:53 IST" name="setup" finished-at="2026-02-16T17:58:59 IST" duration-ms="6422" status="PASS">
          <params>
            <param index="0">
              <value>
                <![CDATA[chrome]]>
              </value>
            </param>
          </params>
          <reporter-output>
          </reporter-output>
        </test-method> <!-- setup -->
        <test-method signature="ProductAddToCart()[pri:0, instance:testCases.TC00_ProductAddToCart@11acdc30]" started-at="2026-02-16T17:58:59 IST" name="ProductAddToCart" finished-at="2026-02-16T17:59:06 IST" duration-ms="6395" status="FAIL">
          <exception class="org.openqa.selenium.TimeoutException">
            <message>
              <![CDATA[Expected condition failed: waiting for url to contain "cart". Current url: "https://www.saucedemo.com/inventory.html" (tried for 5 second(s) with 500 milliseconds interval)
Build info: version: '4.19.1', revision: 'abe0ee07dc'
System info: os.name: 'Windows 11', os.arch: 'amd64', os.version: '10.0', java.version: '21.0.9'
Driver info: org.openqa.selenium.chrome.ChromeDriver
Capabilities {acceptInsecureCerts: false, browserName: chrome, browserVersion: 144.0.7559.133, chrome: {chromedriverVersion: 144.0.7559.133 (7da823b1d59..., userDataDir: C:\Users\Ravina\AppData\Loc...}, fedcm:accounts: true, goog:chromeOptions: {debuggerAddress: localhost:64428}, goog:processID: 8744, networkConnectionEnabled: false, pageLoadStrategy: normal, platformName: windows, proxy: Proxy(), se:cdp: ws://localhost:64428/devtoo..., se:cdpVersion: 144.0.7559.133, setWindowRect: true, strictFileInteractability: false, timeouts: {implicit: 0, pageLoad: 300000, script: 30000}, unhandledPromptBehavior: dismiss and notify, webauthn:extension:credBlob: true, webauthn:extension:largeBlob: true, webauthn:extension:minPinLength: true, webauthn:extension:prf: true, webauthn:virtualAuthenticators: true}
Session ID: e44980c92cd7b115ce3643cfb521721a]]>
            </message>
            <full-stacktrace>
              <![CDATA[org.openqa.selenium.TimeoutException: Expected condition failed: waiting for url to contain "cart". Current url: "https://www.saucedemo.com/inventory.html" (tried for 5 second(s) with 500 milliseconds interval)
Build info: version: '4.19.1', revision: 'abe0ee07dc'
System info: os.name: 'Windows 11', os.arch: 'amd64', os.version: '10.0', java.version: '21.0.9'
Driver info: org.openqa.selenium.chrome.ChromeDriver
Capabilities {acceptInsecureCerts: false, browserName: chrome, browserVersion: 144.0.7559.133, chrome: {chromedriverVersion: 144.0.7559.133 (7da823b1d59..., userDataDir: C:\Users\Ravina\AppData\Loc...}, fedcm:accounts: true, goog:chromeOptions: {debuggerAddress: localhost:64428}, goog:processID: 8744, networkConnectionEnabled: false, pageLoadStrategy: normal, platformName: windows, proxy: Proxy(), se:cdp: ws://localhost:64428/devtoo..., se:cdpVersion: 144.0.7559.133, setWindowRect: true, strictFileInteractability: false, timeouts: {implicit: 0, pageLoad: 300000, script: 30000}, unhandledPromptBehavior: dismiss and notify, webauthn:extension:credBlob: true, webauthn:extension:largeBlob: true, webauthn:extension:minPinLength: true, webauthn:extension:prf: true, webauthn:virtualAuthenticators: true}
Session ID: e44980c92cd7b115ce3643cfb521721a
at org.openqa.selenium.support.ui.WebDriverWait.timeoutException(WebDriverWait.java:84)
at org.openqa.selenium.support.ui.FluentWait.until(FluentWait.java:228)
at PageObject.ProductAddToCart.clickCartIcon(ProductAddToCart.java:55)
at testCases.TC00_ProductAddToCart.ProductAddToCart(TC00_ProductAddToCart.java:45)
at java.base/jdk.internal.reflect.DirectMethodHandleAccessor.invoke(DirectMethodHandleAccessor.java:103)
at java.base/java.lang.reflect.Method.invoke(Method.java:580)
at org.testng.internal.invokers.MethodInvocationHelper.invokeMethod(MethodInvocationHelper.java:139)
at org.testng.internal.invokers.TestInvoker.invokeMethod(TestInvoker.java:664)
at org.testng.internal.invokers.TestInvoker.invokeTestMethod(TestInvoker.java:228)
at org.testng.internal.invokers.MethodRunner.runInSequence(MethodRunner.java:63)
at org.testng.internal.invokers.TestInvoker$MethodInvocationAgent.invoke(TestInvoker.java:961)
at org.testng.internal.invokers.TestInvoker.invokeTestMethods(TestInvoker.java:201)
at org.testng.internal.invokers.TestMethodWorker.invokeTestMethods(TestMethodWorker.java:148)
at org.testng.internal.invokers.TestMethodWorker.run(TestMethodWorker.java:128)
at java.base/java.util.concurrent.Executors$RunnableAdapter.call(Executors.java:572)
at java.base/java.util.concurrent.FutureTask.run(FutureTask.java:317)
at org.testng.internal.thread.graph.TestNGFutureTask.run(TestNGFutureTask.java:22)
at java.base/java.util.concurrent.ThreadPoolExecutor.runWorker(ThreadPoolExecutor.java:1144)
at java.base/java.util.concurrent.ThreadPoolExecutor$Worker.run(ThreadPoolExecutor.java:642)
at java.base/java.lang.Thread.run(Thread.java:1583)
]]>
            </full-stacktrace>
          </exception> <!-- org.openqa.selenium.TimeoutException -->
          <reporter-output>
          </reporter-output>
        </test-method> <!-- ProductAddToCart -->
        <test-method is-config="true" signature="closeup()[pri:0, instance:testCases.TC00_ProductAddToCart@11acdc30]" started-at="2026-02-16T17:59:06 IST" name="closeup" finished-at="2026-02-16T17:59:07 IST" duration-ms="508" status="PASS">
          <reporter-output>
          </reporter-output>
        </test-method> <!-- closeup -->
      </class> <!-- testCases.TC00_ProductAddToCart -->
    </test> <!-- All Tests -->
  </suite> <!-- Shopping Suite -->
</testng-results>
